<?xml version="1.0" encoding="UTF-8"?>
<!-- Generated by org.testng.reporters.JUnitXMLReporter -->
<testsuite ignored="0" hostname="LTIN654157" failures="0" tests="0" name="ChromeTest" time="0.805" errors="0" timestamp="2025-09-01T12:03:51 IST">
  <testcase classname="io.cucumber.testng.AbstractTestNGCucumberTests" name="@BeforeClass setUpClass" time="0.397">
    <failure type="java.lang.IllegalArgumentException" message="path must exist: C:\Users\2421243\git\repository\MakeMyTrip\src\test\resources\features\TC5_VisaProcess">
      <![CDATA[java.lang.IllegalArgumentException: path must exist: C:\Users\2421243\git\repository\MakeMyTrip\src\test\resources\features\TC5_VisaProcess
at io.cucumber.core.resource.PathScanner.findResourcesForPath(PathScanner.java:52)
at io.cucumber.core.resource.PathScanner.findResourcesForUri(PathScanner.java:34)
at io.cucumber.core.resource.ResourceScanner.findResourcesForUri(ResourceScanner.java:61)
at io.cucumber.core.resource.ResourceScanner.scanForResourcesUri(ResourceScanner.java:134)
at io.cucumber.core.runtime.FeaturePathFeatureSupplier.loadFeatures(FeaturePathFeatureSupplier.java:62)
at io.cucumber.core.runtime.FeaturePathFeatureSupplier.get(FeaturePathFeatureSupplier.java:45)
at io.cucumber.testng.TestNGCucumberRunner.<init>(TestNGCucumberRunner.java:125)
at io.cucumber.testng.AbstractTestNGCucumberTests.setUpClass(AbstractTestNGCucumberTests.java:27)
at java.base/java.util.ArrayList.forEach(ArrayList.java:1596)
... Removed 23 stack frames]]>
    </failure>
  </testcase> <!-- @BeforeClass setUpClass -->
</testsuite> <!-- ChromeTest -->
